Arguments: 
  C:\Program Files\nodejs\node.exe C:\Users\HASSAN\AppData\Roaming\npm\node_modules\yarn\bin\yarn.js

PATH: 
  C:\Python310\Scripts\;C:\Python310\;C:\ProgramData\Oracle\Java\javapath;C:\WINDOWS\system32;C:\WINDOWS;C:\WINDOWS\System32\Wbem;C:\WINDOWS\System32\WindowsPowerShell\v1.0\;C:\Program Files\Broadcom\Broadcom 802.11\Driver;C:\Program Files\nodejs\;C:\ProgramData\chocolatey\bin;C:\Program Files\Git\cmd;C:\WINDOWS\System32\OpenSSH\;C:\Users\HASSAN\AppData\Local\Microsoft\WindowsApps;C:\Users\HASSAN\AppData\Local\Programs\Microsoft VS Code\bin;C:\Users\HASSAN\AppData\Roaming\npm;C:\src\flutter\bin;

Yarn version: 
  1.22.18

Node version: 
  16.15.1

Platform: 
  win32 x64

Trace: 
  Error: connect ECONNABORTED 104.16.23.35:443
      at TCPConnectWrap.afterConnect [as oncomplete] (node:net:1187:16)

npm manifest: 
  {
    "name": "landing-page",
    "version": "0.0.1",
    "private": true,
    "scripts": {
      "dev": "next dev",
      "build": "next build && next export",
      "postbuild": "next-sitemap"
    },
    "dependencies": {
      "dotenv": "^8.2.0",
      "framer-motion": "^2.7.5",
      "globby": "^11.0.0",
      "isomorphic-unfetch": "^3.0.0",
      "next": "9.5.3",
      "next-compose-plugins": "^2.2.0",
      "next-optimized-images": "^2.5.4",
      "prettier": "^2.1.2",
      "rc-drawer": "^4.1.0",
      "react": "16.13.0",
      "react-custom-scrollbars": "^4.2.1",
      "react-dom": "16.13.0",
      "react-ga": "^3.1.2",
      "react-icons": "^3.10.0",
      "react-modal-video": "^1.2.6",
      "react-multi-carousel": "^2.5.5",
      "react-scroll": "^1.8.0",
      "react-stickynode": "^3.0.3",
      "theme-ui": "^0.3.1",
      "typeface-dm-sans": "^1.1.3"
    },
    "devDependencies": {
      "imagemin-mozjpeg": "^9.0.0",
      "imagemin-optipng": "^8.0.0",
      "imagemin-svgo": "^8.0.0",
      "next-sitemap": "^1.2.4"
    }
  }

yarn manifest: 
  No manifest

Lockfile: 
  No lockfile
